19-06-18 20:46:45 DEBUG [main] EHCache [BlackListEHCache] init success!。Caller+0	 at com.xudong.core.cache.EHCacheUtil.<init>(EHCacheUtil.java:52)
19-06-18 20:46:46 INFO [main] RedisTemplateCreator inited,org.springframework.data.redis.connection.jedis.JedisConnectionFactory@4d705112,null。Caller+0	 at com.xudong.core.cache.RedisTemplateCreator.<init>(RedisTemplateCreator.java:64)
19-06-18 20:46:46 DEBUG [main] RedisTemplate inited, dababase is [8]。Caller+0	 at com.xudong.core.cache.RedisTemplateCreator.getRedisTemplate(RedisTemplateCreator.java:112)
19-06-18 20:46:46 DEBUG [main] EHCache [ChatSessionCache] init success!。Caller+0	 at com.xudong.core.cache.EHCacheUtil.<init>(EHCacheUtil.java:52)
19-06-18 20:46:46 DEBUG [main] RedisTemplate inited, dababase is [4]。Caller+0	 at com.xudong.core.cache.RedisTemplateCreator.getRedisTemplate(RedisTemplateCreator.java:112)
19-06-18 20:46:46 DEBUG [main] CacheUtil inited,cacheName is [ChatSessionCache]。Caller+0	 at com.xudong.core.cache.CacheUtil.init(CacheUtil.java:56)
19-06-18 20:46:46 DEBUG [main] Cache [cacheName:ChatSessionCache,cacheClass:java.util.HashSet,redisDatabaseIndex:4] inited。Caller+0	 at com.xudong.core.cache.AbstractCache.initLog(AbstractCache.java:75)
19-06-18 20:46:46 DEBUG [main] get RedisTemplate, dababase is [4]。Caller+0	 at com.xudong.core.cache.RedisTemplateCreator.getRedisTemplate(RedisTemplateCreator.java:117)
19-06-18 20:46:46 DEBUG [main] RedisTemplate inited, dababase is [6]。Caller+0	 at com.xudong.core.cache.RedisTemplateCreator.getRedisTemplate(RedisTemplateCreator.java:112)
19-06-18 20:46:46 INFO [main] Inited SqlSessionFactory,typeAliasesPackage:[com.xudong.im.domain],mapperLocations:[classpath*:mapper/*Mapper.xml],Mappers:[BlackListMapper.xml, SensitiveWordMapper.xml, TalkSkillMapper.xml]。Caller+0	 at com.xudong.core.mysql.MybatisHelper.getSqlSessionFactory(MybatisHelper.java:71)
19-06-18 20:46:48 INFO [main] >>>> WebSocketConfig inited。Caller+0	 at com.xudong.im.config.WebSocketConfig.registerStompEndpoints(WebSocketConfig.java:29)
19-06-18 20:46:48 INFO [main] >>>> RestTemplate inited。Caller+0	 at com.xudong.im.config.http.RestTemplateAutoConfiguration.restTemplate(RestTemplateAutoConfiguration.java:48)
19-06-18 20:47:21 DEBUG [main] EHCache [BlackListEHCache] init success!。Caller+0	 at com.xudong.core.cache.EHCacheUtil.<init>(EHCacheUtil.java:52)
19-06-18 20:47:21 INFO [main] RedisTemplateCreator inited,org.springframework.data.redis.connection.jedis.JedisConnectionFactory@6221b13b,null。Caller+0	 at com.xudong.core.cache.RedisTemplateCreator.<init>(RedisTemplateCreator.java:64)
19-06-18 20:47:21 DEBUG [main] RedisTemplate inited, dababase is [8]。Caller+0	 at com.xudong.core.cache.RedisTemplateCreator.getRedisTemplate(RedisTemplateCreator.java:112)
19-06-18 20:47:21 DEBUG [main] EHCache [ChatSessionCache] init success!。Caller+0	 at com.xudong.core.cache.EHCacheUtil.<init>(EHCacheUtil.java:52)
19-06-18 20:47:21 DEBUG [main] RedisTemplate inited, dababase is [4]。Caller+0	 at com.xudong.core.cache.RedisTemplateCreator.getRedisTemplate(RedisTemplateCreator.java:112)
19-06-18 20:47:21 DEBUG [main] CacheUtil inited,cacheName is [ChatSessionCache]。Caller+0	 at com.xudong.core.cache.CacheUtil.init(CacheUtil.java:56)
19-06-18 20:47:21 DEBUG [main] Cache [cacheName:ChatSessionCache,cacheClass:java.util.HashSet,redisDatabaseIndex:4] inited。Caller+0	 at com.xudong.core.cache.AbstractCache.initLog(AbstractCache.java:75)
19-06-18 20:47:21 DEBUG [main] get RedisTemplate, dababase is [4]。Caller+0	 at com.xudong.core.cache.RedisTemplateCreator.getRedisTemplate(RedisTemplateCreator.java:117)
19-06-18 20:47:21 DEBUG [main] RedisTemplate inited, dababase is [6]。Caller+0	 at com.xudong.core.cache.RedisTemplateCreator.getRedisTemplate(RedisTemplateCreator.java:112)
19-06-18 20:47:21 INFO [main] Inited SqlSessionFactory,typeAliasesPackage:[com.xudong.im.domain],mapperLocations:[classpath*:mapper/*Mapper.xml],Mappers:[BlackListMapper.xml, SensitiveWordMapper.xml, TalkSkillMapper.xml]。Caller+0	 at com.xudong.core.mysql.MybatisHelper.getSqlSessionFactory(MybatisHelper.java:71)
19-06-18 20:47:22 INFO [main] >>>> WebSocketConfig inited。Caller+0	 at com.xudong.im.config.WebSocketConfig.registerStompEndpoints(WebSocketConfig.java:29)
19-06-18 20:47:23 INFO [main] >>>> RestTemplate inited。Caller+0	 at com.xudong.im.config.http.RestTemplateAutoConfiguration.restTemplate(RestTemplateAutoConfiguration.java:48)
19-06-18 20:49:55 DEBUG [main] EHCache [BlackListEHCache] init success!。Caller+0	 at com.xudong.core.cache.EHCacheUtil.<init>(EHCacheUtil.java:52)
19-06-18 20:49:55 INFO [main] RedisTemplateCreator inited,org.springframework.data.redis.connection.jedis.JedisConnectionFactory@c4d2c44,null。Caller+0	 at com.xudong.core.cache.RedisTemplateCreator.<init>(RedisTemplateCreator.java:64)
19-06-18 20:49:55 DEBUG [main] RedisTemplate inited, dababase is [8]。Caller+0	 at com.xudong.core.cache.RedisTemplateCreator.getRedisTemplate(RedisTemplateCreator.java:112)
19-06-18 20:49:55 DEBUG [main] EHCache [ChatSessionCache] init success!。Caller+0	 at com.xudong.core.cache.EHCacheUtil.<init>(EHCacheUtil.java:52)
19-06-18 20:49:55 DEBUG [main] RedisTemplate inited, dababase is [4]。Caller+0	 at com.xudong.core.cache.RedisTemplateCreator.getRedisTemplate(RedisTemplateCreator.java:112)
19-06-18 20:49:55 DEBUG [main] CacheUtil inited,cacheName is [ChatSessionCache]。Caller+0	 at com.xudong.core.cache.CacheUtil.init(CacheUtil.java:56)
19-06-18 20:49:55 DEBUG [main] Cache [cacheName:ChatSessionCache,cacheClass:java.util.HashSet,redisDatabaseIndex:4] inited。Caller+0	 at com.xudong.core.cache.AbstractCache.initLog(AbstractCache.java:75)
19-06-18 20:49:55 DEBUG [main] get RedisTemplate, dababase is [4]。Caller+0	 at com.xudong.core.cache.RedisTemplateCreator.getRedisTemplate(RedisTemplateCreator.java:117)
19-06-18 20:49:55 DEBUG [main] RedisTemplate inited, dababase is [6]。Caller+0	 at com.xudong.core.cache.RedisTemplateCreator.getRedisTemplate(RedisTemplateCreator.java:112)
19-06-18 20:49:55 INFO [main] Inited SqlSessionFactory,typeAliasesPackage:[com.xudong.im.domain],mapperLocations:[classpath*:mapper/*Mapper.xml],Mappers:[BlackListMapper.xml, SensitiveWordMapper.xml, TalkSkillMapper.xml]。Caller+0	 at com.xudong.core.mysql.MybatisHelper.getSqlSessionFactory(MybatisHelper.java:71)
19-06-18 20:49:56 INFO [main] >>>> WebSocketConfig inited。Caller+0	 at com.xudong.im.config.WebSocketConfig.registerStompEndpoints(WebSocketConfig.java:29)
19-06-18 20:49:56 INFO [main] >>>> RestTemplate inited。Caller+0	 at com.xudong.im.config.http.RestTemplateAutoConfiguration.restTemplate(RestTemplateAutoConfiguration.java:48)
19-06-18 20:50:46 DEBUG [main] EHCache [BlackListEHCache] init success!。Caller+0	 at com.xudong.core.cache.EHCacheUtil.<init>(EHCacheUtil.java:52)
19-06-18 20:50:46 INFO [main] RedisTemplateCreator inited,org.springframework.data.redis.connection.jedis.JedisConnectionFactory@7b351446,null。Caller+0	 at com.xudong.core.cache.RedisTemplateCreator.<init>(RedisTemplateCreator.java:64)
19-06-18 20:50:46 DEBUG [main] RedisTemplate inited, dababase is [8]。Caller+0	 at com.xudong.core.cache.RedisTemplateCreator.getRedisTemplate(RedisTemplateCreator.java:112)
19-06-18 20:50:46 DEBUG [main] EHCache [ChatSessionCache] init success!。Caller+0	 at com.xudong.core.cache.EHCacheUtil.<init>(EHCacheUtil.java:52)
19-06-18 20:50:46 DEBUG [main] RedisTemplate inited, dababase is [4]。Caller+0	 at com.xudong.core.cache.RedisTemplateCreator.getRedisTemplate(RedisTemplateCreator.java:112)
19-06-18 20:50:46 DEBUG [main] CacheUtil inited,cacheName is [ChatSessionCache]。Caller+0	 at com.xudong.core.cache.CacheUtil.init(CacheUtil.java:56)
19-06-18 20:50:46 DEBUG [main] Cache [cacheName:ChatSessionCache,cacheClass:java.util.HashSet,redisDatabaseIndex:4] inited。Caller+0	 at com.xudong.core.cache.AbstractCache.initLog(AbstractCache.java:75)
19-06-18 20:50:46 DEBUG [main] get RedisTemplate, dababase is [4]。Caller+0	 at com.xudong.core.cache.RedisTemplateCreator.getRedisTemplate(RedisTemplateCreator.java:117)
19-06-18 20:50:46 DEBUG [main] RedisTemplate inited, dababase is [6]。Caller+0	 at com.xudong.core.cache.RedisTemplateCreator.getRedisTemplate(RedisTemplateCreator.java:112)
19-06-18 20:50:46 INFO [main] Inited SqlSessionFactory,typeAliasesPackage:[com.xudong.im.domain],mapperLocations:[classpath*:mapper/*Mapper.xml],Mappers:[BlackListMapper.xml, SensitiveWordMapper.xml, TalkSkillMapper.xml]。Caller+0	 at com.xudong.core.mysql.MybatisHelper.getSqlSessionFactory(MybatisHelper.java:71)
19-06-18 20:50:47 INFO [main] >>>> WebSocketConfig inited。Caller+0	 at com.xudong.im.config.WebSocketConfig.registerStompEndpoints(WebSocketConfig.java:29)
19-06-18 20:50:48 INFO [main] >>>> RestTemplate inited。Caller+0	 at com.xudong.im.config.http.RestTemplateAutoConfiguration.restTemplate(RestTemplateAutoConfiguration.java:48)
19-06-18 20:51:51 DEBUG [main] EHCache [BlackListEHCache] init success!。Caller+0	 at com.xudong.core.cache.EHCacheUtil.<init>(EHCacheUtil.java:52)
19-06-18 20:51:51 INFO [main] RedisTemplateCreator inited,org.springframework.data.redis.connection.jedis.JedisConnectionFactory@2c3158e0,null。Caller+0	 at com.xudong.core.cache.RedisTemplateCreator.<init>(RedisTemplateCreator.java:64)
19-06-18 20:51:51 DEBUG [main] RedisTemplate inited, dababase is [8]。Caller+0	 at com.xudong.core.cache.RedisTemplateCreator.getRedisTemplate(RedisTemplateCreator.java:112)
19-06-18 20:51:51 DEBUG [main] EHCache [ChatSessionCache] init success!。Caller+0	 at com.xudong.core.cache.EHCacheUtil.<init>(EHCacheUtil.java:52)
19-06-18 20:51:51 DEBUG [main] RedisTemplate inited, dababase is [4]。Caller+0	 at com.xudong.core.cache.RedisTemplateCreator.getRedisTemplate(RedisTemplateCreator.java:112)
19-06-18 20:51:51 DEBUG [main] CacheUtil inited,cacheName is [ChatSessionCache]。Caller+0	 at com.xudong.core.cache.CacheUtil.init(CacheUtil.java:56)
19-06-18 20:51:51 DEBUG [main] Cache [cacheName:ChatSessionCache,cacheClass:java.util.HashSet,redisDatabaseIndex:4] inited。Caller+0	 at com.xudong.core.cache.AbstractCache.initLog(AbstractCache.java:75)
19-06-18 20:51:51 DEBUG [main] get RedisTemplate, dababase is [4]。Caller+0	 at com.xudong.core.cache.RedisTemplateCreator.getRedisTemplate(RedisTemplateCreator.java:117)
19-06-18 20:51:51 DEBUG [main] RedisTemplate inited, dababase is [6]。Caller+0	 at com.xudong.core.cache.RedisTemplateCreator.getRedisTemplate(RedisTemplateCreator.java:112)
19-06-18 20:51:51 INFO [main] Inited SqlSessionFactory,typeAliasesPackage:[com.xudong.im.domain],mapperLocations:[classpath*:mapper/*Mapper.xml],Mappers:[BlackListMapper.xml, SensitiveWordMapper.xml, TalkSkillMapper.xml]。Caller+0	 at com.xudong.core.mysql.MybatisHelper.getSqlSessionFactory(MybatisHelper.java:71)
19-06-18 20:51:52 INFO [main] >>>> WebSocketConfig inited。Caller+0	 at com.xudong.im.config.WebSocketConfig.registerStompEndpoints(WebSocketConfig.java:29)
19-06-18 20:51:53 INFO [main] >>>> RestTemplate inited。Caller+0	 at com.xudong.im.config.http.RestTemplateAutoConfiguration.restTemplate(RestTemplateAutoConfiguration.java:48)
19-06-18 20:52:46 DEBUG [main] EHCache [BlackListEHCache] init success!。Caller+0	 at com.xudong.core.cache.EHCacheUtil.<init>(EHCacheUtil.java:52)
19-06-18 20:52:46 INFO [main] RedisTemplateCreator inited,org.springframework.data.redis.connection.jedis.JedisConnectionFactory@4c531172,null。Caller+0	 at com.xudong.core.cache.RedisTemplateCreator.<init>(RedisTemplateCreator.java:64)
19-06-18 20:52:46 DEBUG [main] RedisTemplate inited, dababase is [8]。Caller+0	 at com.xudong.core.cache.RedisTemplateCreator.getRedisTemplate(RedisTemplateCreator.java:112)
19-06-18 20:52:46 DEBUG [main] EHCache [ChatSessionCache] init success!。Caller+0	 at com.xudong.core.cache.EHCacheUtil.<init>(EHCacheUtil.java:52)
19-06-18 20:52:46 DEBUG [main] RedisTemplate inited, dababase is [4]。Caller+0	 at com.xudong.core.cache.RedisTemplateCreator.getRedisTemplate(RedisTemplateCreator.java:112)
19-06-18 20:52:46 DEBUG [main] CacheUtil inited,cacheName is [ChatSessionCache]。Caller+0	 at com.xudong.core.cache.CacheUtil.init(CacheUtil.java:56)
19-06-18 20:52:46 DEBUG [main] Cache [cacheName:ChatSessionCache,cacheClass:java.util.HashSet,redisDatabaseIndex:4] inited。Caller+0	 at com.xudong.core.cache.AbstractCache.initLog(AbstractCache.java:75)
19-06-18 20:52:46 DEBUG [main] get RedisTemplate, dababase is [4]。Caller+0	 at com.xudong.core.cache.RedisTemplateCreator.getRedisTemplate(RedisTemplateCreator.java:117)
19-06-18 20:52:46 DEBUG [main] RedisTemplate inited, dababase is [6]。Caller+0	 at com.xudong.core.cache.RedisTemplateCreator.getRedisTemplate(RedisTemplateCreator.java:112)
19-06-18 20:52:46 INFO [main] Inited SqlSessionFactory,typeAliasesPackage:[com.xudong.im.domain],mapperLocations:[classpath*:mapper/*Mapper.xml],Mappers:[BlackListMapper.xml, SensitiveWordMapper.xml, TalkSkillMapper.xml]。Caller+0	 at com.xudong.core.mysql.MybatisHelper.getSqlSessionFactory(MybatisHelper.java:71)
19-06-18 20:52:47 INFO [main] >>>> WebSocketConfig inited。Caller+0	 at com.xudong.im.config.WebSocketConfig.registerStompEndpoints(WebSocketConfig.java:29)
19-06-18 20:52:48 INFO [main] >>>> RestTemplate inited。Caller+0	 at com.xudong.im.config.http.RestTemplateAutoConfiguration.restTemplate(RestTemplateAutoConfiguration.java:48)
19-06-18 20:53:26 DEBUG [main] EHCache [BlackListEHCache] init success!。Caller+0	 at com.xudong.core.cache.EHCacheUtil.<init>(EHCacheUtil.java:52)
19-06-18 20:53:26 INFO [main] RedisTemplateCreator inited,org.springframework.data.redis.connection.jedis.JedisConnectionFactory@31f77791,null。Caller+0	 at com.xudong.core.cache.RedisTemplateCreator.<init>(RedisTemplateCreator.java:64)
19-06-18 20:53:26 DEBUG [main] RedisTemplate inited, dababase is [8]。Caller+0	 at com.xudong.core.cache.RedisTemplateCreator.getRedisTemplate(RedisTemplateCreator.java:112)
19-06-18 20:53:26 DEBUG [main] EHCache [ChatSessionCache] init success!。Caller+0	 at com.xudong.core.cache.EHCacheUtil.<init>(EHCacheUtil.java:52)
19-06-18 20:53:26 DEBUG [main] RedisTemplate inited, dababase is [4]。Caller+0	 at com.xudong.core.cache.RedisTemplateCreator.getRedisTemplate(RedisTemplateCreator.java:112)
19-06-18 20:53:26 DEBUG [main] CacheUtil inited,cacheName is [ChatSessionCache]。Caller+0	 at com.xudong.core.cache.CacheUtil.init(CacheUtil.java:56)
19-06-18 20:53:26 DEBUG [main] Cache [cacheName:ChatSessionCache,cacheClass:java.util.HashSet,redisDatabaseIndex:4] inited。Caller+0	 at com.xudong.core.cache.AbstractCache.initLog(AbstractCache.java:75)
19-06-18 20:53:26 DEBUG [main] get RedisTemplate, dababase is [4]。Caller+0	 at com.xudong.core.cache.RedisTemplateCreator.getRedisTemplate(RedisTemplateCreator.java:117)
19-06-18 20:53:26 DEBUG [main] RedisTemplate inited, dababase is [6]。Caller+0	 at com.xudong.core.cache.RedisTemplateCreator.getRedisTemplate(RedisTemplateCreator.java:112)
19-06-18 20:53:26 INFO [main] Inited SqlSessionFactory,typeAliasesPackage:[com.xudong.im.domain],mapperLocations:[classpath*:mapper/*Mapper.xml],Mappers:[BlackListMapper.xml, SensitiveWordMapper.xml, TalkSkillMapper.xml]。Caller+0	 at com.xudong.core.mysql.MybatisHelper.getSqlSessionFactory(MybatisHelper.java:71)
19-06-18 20:53:28 INFO [main] >>>> WebSocketConfig inited。Caller+0	 at com.xudong.im.config.WebSocketConfig.registerStompEndpoints(WebSocketConfig.java:29)
19-06-18 20:53:28 INFO [main] >>>> RestTemplate inited。Caller+0	 at com.xudong.im.config.http.RestTemplateAutoConfiguration.restTemplate(RestTemplateAutoConfiguration.java:48)
19-06-18 20:55:12 DEBUG [main] EHCache [BlackListEHCache] init success!。Caller+0	 at com.xudong.core.cache.EHCacheUtil.<init>(EHCacheUtil.java:52)
19-06-18 20:55:12 INFO [main] RedisTemplateCreator inited,org.springframework.data.redis.connection.jedis.JedisConnectionFactory@1cbc5693,null。Caller+0	 at com.xudong.core.cache.RedisTemplateCreator.<init>(RedisTemplateCreator.java:64)
19-06-18 20:55:12 DEBUG [main] RedisTemplate inited, dababase is [8]。Caller+0	 at com.xudong.core.cache.RedisTemplateCreator.getRedisTemplate(RedisTemplateCreator.java:112)
19-06-18 20:55:12 DEBUG [main] EHCache [ChatSessionCache] init success!。Caller+0	 at com.xudong.core.cache.EHCacheUtil.<init>(EHCacheUtil.java:52)
19-06-18 20:55:12 DEBUG [main] RedisTemplate inited, dababase is [4]。Caller+0	 at com.xudong.core.cache.RedisTemplateCreator.getRedisTemplate(RedisTemplateCreator.java:112)
19-06-18 20:55:12 DEBUG [main] CacheUtil inited,cacheName is [ChatSessionCache]。Caller+0	 at com.xudong.core.cache.CacheUtil.init(CacheUtil.java:56)
19-06-18 20:55:12 DEBUG [main] Cache [cacheName:ChatSessionCache,cacheClass:java.util.HashSet,redisDatabaseIndex:4] inited。Caller+0	 at com.xudong.core.cache.AbstractCache.initLog(AbstractCache.java:75)
19-06-18 20:55:12 DEBUG [main] get RedisTemplate, dababase is [4]。Caller+0	 at com.xudong.core.cache.RedisTemplateCreator.getRedisTemplate(RedisTemplateCreator.java:117)
19-06-18 20:55:12 DEBUG [main] RedisTemplate inited, dababase is [6]。Caller+0	 at com.xudong.core.cache.RedisTemplateCreator.getRedisTemplate(RedisTemplateCreator.java:112)
19-06-18 20:55:12 INFO [main] Inited SqlSessionFactory,typeAliasesPackage:[com.xudong.im.domain],mapperLocations:[classpath*:mapper/*Mapper.xml],Mappers:[BlackListMapper.xml, SensitiveWordMapper.xml, TalkSkillMapper.xml]。Caller+0	 at com.xudong.core.mysql.MybatisHelper.getSqlSessionFactory(MybatisHelper.java:71)
19-06-18 20:55:13 INFO [main] >>>> WebSocketConfig inited。Caller+0	 at com.xudong.im.config.WebSocketConfig.registerStompEndpoints(WebSocketConfig.java:29)
19-06-18 20:55:13 INFO [main] >>>> RestTemplate inited。Caller+0	 at com.xudong.im.config.http.RestTemplateAutoConfiguration.restTemplate(RestTemplateAutoConfiguration.java:48)
19-06-18 20:55:28 DEBUG [main] EHCache [BlackListEHCache] init success!。Caller+0	 at com.xudong.core.cache.EHCacheUtil.<init>(EHCacheUtil.java:52)
19-06-18 20:55:28 INFO [main] RedisTemplateCreator inited,org.springframework.data.redis.connection.jedis.JedisConnectionFactory@415795f3,null。Caller+0	 at com.xudong.core.cache.RedisTemplateCreator.<init>(RedisTemplateCreator.java:64)
19-06-18 20:55:28 DEBUG [main] RedisTemplate inited, dababase is [8]。Caller+0	 at com.xudong.core.cache.RedisTemplateCreator.getRedisTemplate(RedisTemplateCreator.java:112)
19-06-18 20:55:28 DEBUG [main] EHCache [ChatSessionCache] init success!。Caller+0	 at com.xudong.core.cache.EHCacheUtil.<init>(EHCacheUtil.java:52)
19-06-18 20:55:28 DEBUG [main] RedisTemplate inited, dababase is [4]。Caller+0	 at com.xudong.core.cache.RedisTemplateCreator.getRedisTemplate(RedisTemplateCreator.java:112)
19-06-18 20:55:28 DEBUG [main] CacheUtil inited,cacheName is [ChatSessionCache]。Caller+0	 at com.xudong.core.cache.CacheUtil.init(CacheUtil.java:56)
19-06-18 20:55:28 DEBUG [main] Cache [cacheName:ChatSessionCache,cacheClass:java.util.HashSet,redisDatabaseIndex:4] inited。Caller+0	 at com.xudong.core.cache.AbstractCache.initLog(AbstractCache.java:75)
19-06-18 20:55:28 DEBUG [main] get RedisTemplate, dababase is [4]。Caller+0	 at com.xudong.core.cache.RedisTemplateCreator.getRedisTemplate(RedisTemplateCreator.java:117)
19-06-18 20:55:29 DEBUG [main] RedisTemplate inited, dababase is [6]。Caller+0	 at com.xudong.core.cache.RedisTemplateCreator.getRedisTemplate(RedisTemplateCreator.java:112)
19-06-18 20:55:29 INFO [main] Inited SqlSessionFactory,typeAliasesPackage:[com.xudong.im.domain],mapperLocations:[classpath*:mapper/*Mapper.xml],Mappers:[BlackListMapper.xml, SensitiveWordMapper.xml, TalkSkillMapper.xml]。Caller+0	 at com.xudong.core.mysql.MybatisHelper.getSqlSessionFactory(MybatisHelper.java:71)
19-06-18 20:55:30 INFO [main] >>>> WebSocketConfig inited。Caller+0	 at com.xudong.im.config.WebSocketConfig.registerStompEndpoints(WebSocketConfig.java:29)
19-06-18 20:55:30 INFO [main] >>>> RestTemplate inited。Caller+0	 at com.xudong.im.config.http.RestTemplateAutoConfiguration.restTemplate(RestTemplateAutoConfiguration.java:48)
