19-06-19 19:49:32 DEBUG [main] ==>  Preparing: select sw.id ,sw.gmt_modify ,sw.words FROM sensitive_word sw 。Caller+0	 at org.apache.ibatis.logging.jdbc.BaseJdbcLogger.debug(BaseJdbcLogger.java:143)
19-06-19 19:49:32 DEBUG [main] ==> Parameters: 。Caller+0	 at org.apache.ibatis.logging.jdbc.BaseJdbcLogger.debug(BaseJdbcLogger.java:143)
19-06-19 19:49:32 DEBUG [main] <==      Total: 1。Caller+0	 at org.apache.ibatis.logging.jdbc.BaseJdbcLogger.debug(BaseJdbcLogger.java:143)
19-06-19 19:51:47 DEBUG [main] ==>  Preparing: select sw.id ,sw.gmt_modify ,sw.words FROM sensitive_word sw 。Caller+0	 at org.apache.ibatis.logging.jdbc.BaseJdbcLogger.debug(BaseJdbcLogger.java:143)
19-06-19 19:51:47 DEBUG [main] ==> Parameters: 。Caller+0	 at org.apache.ibatis.logging.jdbc.BaseJdbcLogger.debug(BaseJdbcLogger.java:143)
19-06-19 19:51:47 DEBUG [main] <==      Total: 1。Caller+0	 at org.apache.ibatis.logging.jdbc.BaseJdbcLogger.debug(BaseJdbcLogger.java:143)
19-06-19 19:55:02 DEBUG [main] ==>  Preparing: select sw.id ,sw.gmt_modify ,sw.words FROM sensitive_word sw 。Caller+0	 at org.apache.ibatis.logging.jdbc.BaseJdbcLogger.debug(BaseJdbcLogger.java:143)
19-06-19 19:55:02 DEBUG [main] ==> Parameters: 。Caller+0	 at org.apache.ibatis.logging.jdbc.BaseJdbcLogger.debug(BaseJdbcLogger.java:143)
19-06-19 19:55:02 DEBUG [main] <==      Total: 1。Caller+0	 at org.apache.ibatis.logging.jdbc.BaseJdbcLogger.debug(BaseJdbcLogger.java:143)
19-06-19 19:56:22 DEBUG [main] ==>  Preparing: select sw.id ,sw.gmt_modify ,sw.words FROM sensitive_word sw 。Caller+0	 at org.apache.ibatis.logging.jdbc.BaseJdbcLogger.debug(BaseJdbcLogger.java:143)
19-06-19 19:56:22 DEBUG [main] ==> Parameters: 。Caller+0	 at org.apache.ibatis.logging.jdbc.BaseJdbcLogger.debug(BaseJdbcLogger.java:143)
19-06-19 19:56:22 DEBUG [main] <==      Total: 1。Caller+0	 at org.apache.ibatis.logging.jdbc.BaseJdbcLogger.debug(BaseJdbcLogger.java:143)
19-06-19 19:56:34 DEBUG [main] ==>  Preparing: select bl.id ,bl.gmt_create ,bl.gmt_modify ,bl.is_deleted ,bl.status ,bl.content FROM black_list bl WHERE bl.is_deleted=0 and bl.status = ? order by bl.gmt_create DESC,bl.id desc 。Caller+0	 at org.apache.ibatis.logging.jdbc.BaseJdbcLogger.debug(BaseJdbcLogger.java:143)
19-06-19 19:56:34 DEBUG [main] ==> Parameters: 1(Integer)。Caller+0	 at org.apache.ibatis.logging.jdbc.BaseJdbcLogger.debug(BaseJdbcLogger.java:143)
19-06-19 19:56:34 DEBUG [main] <==      Total: 11。Caller+0	 at org.apache.ibatis.logging.jdbc.BaseJdbcLogger.debug(BaseJdbcLogger.java:143)
19-06-19 19:58:03 DEBUG [main] ==>  Preparing: select sw.id ,sw.gmt_modify ,sw.words FROM sensitive_word sw 。Caller+0	 at org.apache.ibatis.logging.jdbc.BaseJdbcLogger.debug(BaseJdbcLogger.java:143)
19-06-19 19:58:03 DEBUG [main] ==> Parameters: 。Caller+0	 at org.apache.ibatis.logging.jdbc.BaseJdbcLogger.debug(BaseJdbcLogger.java:143)
19-06-19 19:58:03 DEBUG [main] <==      Total: 1。Caller+0	 at org.apache.ibatis.logging.jdbc.BaseJdbcLogger.debug(BaseJdbcLogger.java:143)
19-06-19 19:58:40 DEBUG [main] ==>  Preparing: select sw.id ,sw.gmt_modify ,sw.words FROM sensitive_word sw 。Caller+0	 at org.apache.ibatis.logging.jdbc.BaseJdbcLogger.debug(BaseJdbcLogger.java:143)
19-06-19 19:58:40 DEBUG [main] ==> Parameters: 。Caller+0	 at org.apache.ibatis.logging.jdbc.BaseJdbcLogger.debug(BaseJdbcLogger.java:143)
19-06-19 19:58:40 DEBUG [main] <==      Total: 1。Caller+0	 at org.apache.ibatis.logging.jdbc.BaseJdbcLogger.debug(BaseJdbcLogger.java:143)
19-06-19 20:00:14 DEBUG [main] ==>  Preparing: select sw.id ,sw.gmt_modify ,sw.words FROM sensitive_word sw 。Caller+0	 at org.apache.ibatis.logging.jdbc.BaseJdbcLogger.debug(BaseJdbcLogger.java:143)
19-06-19 20:00:14 DEBUG [main] ==> Parameters: 。Caller+0	 at org.apache.ibatis.logging.jdbc.BaseJdbcLogger.debug(BaseJdbcLogger.java:143)
19-06-19 20:00:14 DEBUG [main] <==      Total: 1。Caller+0	 at org.apache.ibatis.logging.jdbc.BaseJdbcLogger.debug(BaseJdbcLogger.java:143)
19-06-19 20:02:16 DEBUG [main] ==>  Preparing: select sw.id ,sw.gmt_modify ,sw.words FROM sensitive_word sw 。Caller+0	 at org.apache.ibatis.logging.jdbc.BaseJdbcLogger.debug(BaseJdbcLogger.java:143)
19-06-19 20:02:16 DEBUG [main] ==> Parameters: 。Caller+0	 at org.apache.ibatis.logging.jdbc.BaseJdbcLogger.debug(BaseJdbcLogger.java:143)
19-06-19 20:02:16 DEBUG [main] <==      Total: 1。Caller+0	 at org.apache.ibatis.logging.jdbc.BaseJdbcLogger.debug(BaseJdbcLogger.java:143)
19-06-19 20:11:22 DEBUG [main] ==>  Preparing: select bl.id ,bl.gmt_create ,bl.gmt_modify ,bl.is_deleted ,bl.status ,bl.content FROM black_list bl WHERE bl.is_deleted=0 order by bl.gmt_create DESC,bl.id desc 。Caller+0	 at org.apache.ibatis.logging.jdbc.BaseJdbcLogger.debug(BaseJdbcLogger.java:143)
19-06-19 20:11:22 DEBUG [main] ==> Parameters: 。Caller+0	 at org.apache.ibatis.logging.jdbc.BaseJdbcLogger.debug(BaseJdbcLogger.java:143)
19-06-19 20:11:22 DEBUG [main] <==      Total: 20。Caller+0	 at org.apache.ibatis.logging.jdbc.BaseJdbcLogger.debug(BaseJdbcLogger.java:143)
19-06-19 20:11:22 INFO [main] =======>> testQueryList [BlackList [ id=26, gmtCreate=Sat Jun 15 03:32:41 CST 2019, gmtModify=Sun Jun 16 09:55:27 CST 2019, isDeleted=0, status=1, content=183.12.21.*], BlackList [ id=25, gmtCreate=Sat Jun 15 03:09:49 CST 2019, gmtModify=Sun Jun 16 10:00:57 CST 2019, isDeleted=0, status=1, content=189.54.*.*], BlackList [ id=24, gmtCreate=Fri Jun 14 22:59:09 CST 2019, gmtModify=Sun Jun 16 09:54:58 CST 2019, isDeleted=0, status=1, content=11.22.33.11-11.22.33.30], BlackList [ id=22, gmtCreate=Fri Jun 14 09:39:27 CST 2019, gmtModify=Fri Jun 14 09:39:27 CST 2019, isDeleted=0, status=1, content=189.54.23.44], BlackList [ id=20, gmtCreate=Thu Jun 13 09:54:09 CST 2019, gmtModify=Thu Jun 13 09:54:09 CST 2019, isDeleted=0, status=1, content=145.66.23.22], BlackList [ id=18, gmtCreate=Wed Jun 12 10:31:51 CST 2019, gmtModify=Thu Jun 13 07:41:57 CST 2019, isDeleted=0, status=1, content=13857844332], BlackList [ id=17, gmtCreate=Wed Jun 12 10:31:51 CST 2019, gmtModify=Thu Jun 13 07:41:17 CST 2019, isDeleted=0, status=1, content=82.134.129.187], BlackList [ id=16, gmtCreate=Wed Jun 12 10:31:19 CST 2019, gmtModify=Thu Jun 13 07:41:17 CST 2019, isDeleted=0, status=1, content=233.91.172.133], BlackList [ id=15, gmtCreate=Wed Jun 12 10:31:19 CST 2019, gmtModify=Thu Jun 13 07:42:03 CST 2019, isDeleted=0, status=1, content=13565202553], BlackList [ id=14, gmtCreate=Wed Jun 12 10:31:19 CST 2019, gmtModify=Thu Jun 13 07:41:17 CST 2019, isDeleted=0, status=1, content=86.89.84.111], BlackList [ id=12, gmtCreate=Tue Jun 11 01:03:01 CST 2019, gmtModify=Thu Jun 13 07:42:12 CST 2019, isDeleted=0, status=1, content=13053698770], BlackList [ id=13, gmtCreate=Sun Jun 09 01:03:01 CST 2019, gmtModify=Thu Jun 13 07:41:17 CST 2019, isDeleted=0, status=2, content=127.128.214.3], BlackList [ id=11, gmtCreate=Sun Jun 09 01:03:01 CST 2019, gmtModify=Thu Jun 13 07:41:16 CST 2019, isDeleted=0, status=2, content=169.243.244.188], BlackList [ id=10, gmtCreate=Sat Jun 08 13:30:35 CST 2019, gmtModify=Thu Jun 13 07:41:16 CST 2019, isDeleted=0, status=2, content=225.176.48.11], BlackList [ id=9, gmtCreate=Sat Jun 08 13:30:35 CST 2019, gmtModify=Thu Jun 13 07:42:19 CST 2019, isDeleted=0, status=2, content=13684213227], BlackList [ id=7, gmtCreate=Sat Jun 08 11:51:39 CST 2019, gmtModify=Sat Jun 08 11:51:39 CST 2019, isDeleted=0, status=2, content=13688903432], BlackList [ id=6, gmtCreate=Sat Jun 08 11:19:54 CST 2019, gmtModify=Sat Jun 08 11:19:54 CST 2019, isDeleted=0, status=2, content=189.45.32.67], BlackList [ id=5, gmtCreate=Sat Jun 08 11:14:22 CST 2019, gmtModify=Sat Jun 08 11:14:22 CST 2019, isDeleted=0, status=2, content=201.67.34.21-201.67.34.50], BlackList [ id=4, gmtCreate=Sat Jun 08 11:12:56 CST 2019, gmtModify=Sat Jun 08 11:12:56 CST 2019, isDeleted=0, status=2, content=13166772241], BlackList [ id=2, gmtCreate=Sat Jun 08 11:11:55 CST 2019, gmtModify=Sat Jun 08 11:12:56 CST 2019, isDeleted=0, status=2, content=17566233344]]。Caller+0	 at test.com.xudong.im.data.mapper.BlackListMapperTest.testQueryList(BlackListMapperTest.java:65)
19-06-19 20:11:46 DEBUG [main] ==>  Preparing: select sw.id ,sw.gmt_modify ,sw.words FROM sensitive_word sw 。Caller+0	 at org.apache.ibatis.logging.jdbc.BaseJdbcLogger.debug(BaseJdbcLogger.java:143)
19-06-19 20:11:46 DEBUG [main] ==> Parameters: 。Caller+0	 at org.apache.ibatis.logging.jdbc.BaseJdbcLogger.debug(BaseJdbcLogger.java:143)
19-06-19 20:11:46 DEBUG [main] <==      Total: 1。Caller+0	 at org.apache.ibatis.logging.jdbc.BaseJdbcLogger.debug(BaseJdbcLogger.java:143)
19-06-19 20:11:47 DEBUG [main] ==>  Preparing: select count(1) FROM black_list bl WHERE bl.is_deleted=0 。Caller+0	 at org.apache.ibatis.logging.jdbc.BaseJdbcLogger.debug(BaseJdbcLogger.java:143)
19-06-19 20:11:47 DEBUG [main] ==> Parameters: 。Caller+0	 at org.apache.ibatis.logging.jdbc.BaseJdbcLogger.debug(BaseJdbcLogger.java:143)
19-06-19 20:11:47 DEBUG [main] <==      Total: 1。Caller+0	 at org.apache.ibatis.logging.jdbc.BaseJdbcLogger.debug(BaseJdbcLogger.java:143)
19-06-19 20:11:47 DEBUG [main] ==>  Preparing: select bl.id ,bl.gmt_create ,bl.gmt_modify ,bl.is_deleted ,bl.status ,bl.content FROM black_list bl WHERE bl.is_deleted=0 order by bl.gmt_create DESC,bl.id desc 。Caller+0	 at org.apache.ibatis.logging.jdbc.BaseJdbcLogger.debug(BaseJdbcLogger.java:143)
19-06-19 20:11:47 DEBUG [main] ==> Parameters: 。Caller+0	 at org.apache.ibatis.logging.jdbc.BaseJdbcLogger.debug(BaseJdbcLogger.java:143)
19-06-19 20:11:47 DEBUG [main] <==      Total: 20。Caller+0	 at org.apache.ibatis.logging.jdbc.BaseJdbcLogger.debug(BaseJdbcLogger.java:143)
19-06-19 20:11:59 DEBUG [main] ==>  Preparing: select sw.id ,sw.gmt_modify ,sw.words FROM sensitive_word sw 。Caller+0	 at org.apache.ibatis.logging.jdbc.BaseJdbcLogger.debug(BaseJdbcLogger.java:143)
19-06-19 20:11:59 DEBUG [main] ==> Parameters: 。Caller+0	 at org.apache.ibatis.logging.jdbc.BaseJdbcLogger.debug(BaseJdbcLogger.java:143)
19-06-19 20:11:59 DEBUG [main] <==      Total: 1。Caller+0	 at org.apache.ibatis.logging.jdbc.BaseJdbcLogger.debug(BaseJdbcLogger.java:143)
19-06-19 20:12:19 DEBUG [main] ==>  Preparing: select sw.id ,sw.gmt_modify ,sw.words FROM sensitive_word sw 。Caller+0	 at org.apache.ibatis.logging.jdbc.BaseJdbcLogger.debug(BaseJdbcLogger.java:143)
19-06-19 20:12:19 DEBUG [main] ==> Parameters: 。Caller+0	 at org.apache.ibatis.logging.jdbc.BaseJdbcLogger.debug(BaseJdbcLogger.java:143)
19-06-19 20:12:19 DEBUG [main] <==      Total: 1。Caller+0	 at org.apache.ibatis.logging.jdbc.BaseJdbcLogger.debug(BaseJdbcLogger.java:143)
19-06-19 20:12:38 DEBUG [main] ==>  Preparing: select sw.id ,sw.gmt_modify ,sw.words FROM sensitive_word sw 。Caller+0	 at org.apache.ibatis.logging.jdbc.BaseJdbcLogger.debug(BaseJdbcLogger.java:143)
19-06-19 20:12:38 DEBUG [main] ==> Parameters: 。Caller+0	 at org.apache.ibatis.logging.jdbc.BaseJdbcLogger.debug(BaseJdbcLogger.java:143)
19-06-19 20:12:38 DEBUG [main] <==      Total: 1。Caller+0	 at org.apache.ibatis.logging.jdbc.BaseJdbcLogger.debug(BaseJdbcLogger.java:143)
19-06-19 20:12:41 DEBUG [http-nio-auto-1-exec-1] ==>  Preparing: select count(1) FROM black_list bl WHERE bl.is_deleted=0 。Caller+0	 at org.apache.ibatis.logging.jdbc.BaseJdbcLogger.debug(BaseJdbcLogger.java:143)
19-06-19 20:12:41 DEBUG [http-nio-auto-1-exec-1] ==> Parameters: 。Caller+0	 at org.apache.ibatis.logging.jdbc.BaseJdbcLogger.debug(BaseJdbcLogger.java:143)
19-06-19 20:12:41 DEBUG [http-nio-auto-1-exec-1] <==      Total: 1。Caller+0	 at org.apache.ibatis.logging.jdbc.BaseJdbcLogger.debug(BaseJdbcLogger.java:143)
19-06-19 20:12:41 DEBUG [http-nio-auto-1-exec-1] ==>  Preparing: select bl.id ,bl.gmt_create ,bl.gmt_modify ,bl.is_deleted ,bl.status ,bl.content FROM black_list bl WHERE bl.is_deleted=0 order by gmt_modify limit 0,15 。Caller+0	 at org.apache.ibatis.logging.jdbc.BaseJdbcLogger.debug(BaseJdbcLogger.java:143)
19-06-19 20:12:41 DEBUG [http-nio-auto-1-exec-1] ==> Parameters: 。Caller+0	 at org.apache.ibatis.logging.jdbc.BaseJdbcLogger.debug(BaseJdbcLogger.java:143)
19-06-19 20:12:41 DEBUG [http-nio-auto-1-exec-1] <==      Total: 15。Caller+0	 at org.apache.ibatis.logging.jdbc.BaseJdbcLogger.debug(BaseJdbcLogger.java:143)
19-06-19 20:12:42 DEBUG [http-nio-auto-1-exec-2] ==>  Preparing: select count(1) FROM black_list bl WHERE bl.is_deleted=0 。Caller+0	 at org.apache.ibatis.logging.jdbc.BaseJdbcLogger.debug(BaseJdbcLogger.java:143)
19-06-19 20:12:42 DEBUG [http-nio-auto-1-exec-2] ==> Parameters: 。Caller+0	 at org.apache.ibatis.logging.jdbc.BaseJdbcLogger.debug(BaseJdbcLogger.java:143)
19-06-19 20:12:42 DEBUG [http-nio-auto-1-exec-2] <==      Total: 1。Caller+0	 at org.apache.ibatis.logging.jdbc.BaseJdbcLogger.debug(BaseJdbcLogger.java:143)
19-06-19 20:12:42 DEBUG [http-nio-auto-1-exec-2] ==>  Preparing: select bl.id ,bl.gmt_create ,bl.gmt_modify ,bl.is_deleted ,bl.status ,bl.content FROM black_list bl WHERE bl.is_deleted=0 order by gmt_modify limit 0,15 。Caller+0	 at org.apache.ibatis.logging.jdbc.BaseJdbcLogger.debug(BaseJdbcLogger.java:143)
19-06-19 20:12:42 DEBUG [http-nio-auto-1-exec-2] ==> Parameters: 。Caller+0	 at org.apache.ibatis.logging.jdbc.BaseJdbcLogger.debug(BaseJdbcLogger.java:143)
19-06-19 20:12:42 DEBUG [http-nio-auto-1-exec-2] <==      Total: 15。Caller+0	 at org.apache.ibatis.logging.jdbc.BaseJdbcLogger.debug(BaseJdbcLogger.java:143)
19-06-19 20:15:28 DEBUG [main] ==>  Preparing: select sw.id ,sw.gmt_modify ,sw.words FROM sensitive_word sw 。Caller+0	 at org.apache.ibatis.logging.jdbc.BaseJdbcLogger.debug(BaseJdbcLogger.java:143)
19-06-19 20:15:28 DEBUG [main] ==> Parameters: 。Caller+0	 at org.apache.ibatis.logging.jdbc.BaseJdbcLogger.debug(BaseJdbcLogger.java:143)
19-06-19 20:15:28 DEBUG [main] <==      Total: 1。Caller+0	 at org.apache.ibatis.logging.jdbc.BaseJdbcLogger.debug(BaseJdbcLogger.java:143)
19-06-19 20:16:24 DEBUG [main] ==>  Preparing: select sw.id ,sw.gmt_modify ,sw.words FROM sensitive_word sw 。Caller+0	 at org.apache.ibatis.logging.jdbc.BaseJdbcLogger.debug(BaseJdbcLogger.java:143)
19-06-19 20:16:24 DEBUG [main] ==> Parameters: 。Caller+0	 at org.apache.ibatis.logging.jdbc.BaseJdbcLogger.debug(BaseJdbcLogger.java:143)
19-06-19 20:16:24 DEBUG [main] <==      Total: 1。Caller+0	 at org.apache.ibatis.logging.jdbc.BaseJdbcLogger.debug(BaseJdbcLogger.java:143)
19-06-19 20:18:06 DEBUG [main] ==>  Preparing: select sw.id ,sw.gmt_modify ,sw.words FROM sensitive_word sw 。Caller+0	 at org.apache.ibatis.logging.jdbc.BaseJdbcLogger.debug(BaseJdbcLogger.java:143)
19-06-19 20:18:06 DEBUG [main] ==> Parameters: 。Caller+0	 at org.apache.ibatis.logging.jdbc.BaseJdbcLogger.debug(BaseJdbcLogger.java:143)
19-06-19 20:18:06 DEBUG [main] <==      Total: 1。Caller+0	 at org.apache.ibatis.logging.jdbc.BaseJdbcLogger.debug(BaseJdbcLogger.java:143)
19-06-20 19:36:06 DEBUG [main] Analyzing class class com.xudong.im.domain.chat.ChatRecord for index information.。Caller+0	 at org.springframework.data.mongodb.core.index.MongoPersistentEntityIndexCreator.checkForIndexes(MongoPersistentEntityIndexCreator.java:124)
19-06-20 19:36:06 DEBUG [main] find using query: { } fields: Document{{}} for class: class com.xudong.im.domain.chat.ChatRecord in collection: chat_record。Caller+0	 at org.springframework.data.mongodb.core.MongoTemplate.doFind(MongoTemplate.java:2407)
19-06-20 19:36:07 DEBUG [main] Executing count: { } in collection: chat_record。Caller+0	 at org.springframework.data.mongodb.core.MongoTemplate.doCount(MongoTemplate.java:1143)
19-06-20 19:36:07 DEBUG [main] find using query: { "gmtCreate" : { "$gte" : { "$date" : 1561030567515 }, "$lt" : { "$date" : 1561030567516 } } } fields: Document{{}} for class: class com.xudong.im.domain.chat.ChatRecord in collection: chat_record。Caller+0	 at org.springframework.data.mongodb.core.MongoTemplate.doFind(MongoTemplate.java:2407)
19-06-20 19:36:07 DEBUG [main] find using query: { "gmtCreate" : { "$gte" : { "$date" : 1560425767526 }, "$lt" : { "$date" : 1561030567526 } } } fields: Document{{}} for class: class com.xudong.im.domain.chat.ChatRecord in collection: chat_record。Caller+0	 at org.springframework.data.mongodb.core.MongoTemplate.doFind(MongoTemplate.java:2407)
19-06-20 19:36:08 DEBUG [main] Executing count: { "gmtCreate" : { "$gte" : { "$date" : 1560425767526 }, "$lt" : { "$date" : 1561030567526 } } } in collection: chat_record。Caller+0	 at org.springframework.data.mongodb.core.MongoTemplate.doCount(MongoTemplate.java:1143)
19-06-20 19:36:43 DEBUG [main] Analyzing class class com.xudong.im.domain.chat.ChatRecord for index information.。Caller+0	 at org.springframework.data.mongodb.core.index.MongoPersistentEntityIndexCreator.checkForIndexes(MongoPersistentEntityIndexCreator.java:124)
19-06-20 19:36:43 DEBUG [main] find using query: { } fields: Document{{}} for class: class com.xudong.im.domain.chat.ChatRecord in collection: chat_record。Caller+0	 at org.springframework.data.mongodb.core.MongoTemplate.doFind(MongoTemplate.java:2407)
19-06-20 19:36:44 DEBUG [main] Executing count: { } in collection: chat_record。Caller+0	 at org.springframework.data.mongodb.core.MongoTemplate.doCount(MongoTemplate.java:1143)
19-06-20 19:36:44 DEBUG [main] find using query: { "gmtCreate" : { "$gte" : { "$date" : 1561030604031 }, "$lt" : { "$date" : 1561030604031 } } } fields: Document{{}} for class: class com.xudong.im.domain.chat.ChatRecord in collection: chat_record。Caller+0	 at org.springframework.data.mongodb.core.MongoTemplate.doFind(MongoTemplate.java:2407)
19-06-20 19:36:44 DEBUG [main] find using query: { "gmtCreate" : { "$gte" : { "$date" : 1560425804042 }, "$lt" : { "$date" : 1561030604042 } } } fields: Document{{}} for class: class com.xudong.im.domain.chat.ChatRecord in collection: chat_record。Caller+0	 at org.springframework.data.mongodb.core.MongoTemplate.doFind(MongoTemplate.java:2407)
19-06-20 19:36:45 DEBUG [main] Executing count: { "gmtCreate" : { "$gte" : { "$date" : 1560425804042 }, "$lt" : { "$date" : 1561030604042 } } } in collection: chat_record。Caller+0	 at org.springframework.data.mongodb.core.MongoTemplate.doCount(MongoTemplate.java:1143)
19-06-20 19:41:59 DEBUG [main] Analyzing class class com.xudong.im.domain.chat.ChatRecord for index information.。Caller+0	 at org.springframework.data.mongodb.core.index.MongoPersistentEntityIndexCreator.checkForIndexes(MongoPersistentEntityIndexCreator.java:124)
19-06-20 19:41:59 DEBUG [main] find using query: { } fields: Document{{}} for class: class com.xudong.im.domain.chat.ChatRecord in collection: chat_record。Caller+0	 at org.springframework.data.mongodb.core.MongoTemplate.doFind(MongoTemplate.java:2407)
19-06-20 19:42:00 DEBUG [main] Executing count: { } in collection: chat_record。Caller+0	 at org.springframework.data.mongodb.core.MongoTemplate.doCount(MongoTemplate.java:1143)
19-06-20 19:42:00 DEBUG [main] find using query: { } fields: Document{{}} for class: class com.xudong.im.domain.chat.ChatRecord in collection: chat_record。Caller+0	 at org.springframework.data.mongodb.core.MongoTemplate.doFind(MongoTemplate.java:2407)
19-06-20 19:42:01 DEBUG [main] Executing count: { } in collection: chat_record。Caller+0	 at org.springframework.data.mongodb.core.MongoTemplate.doCount(MongoTemplate.java:1143)
19-06-20 19:42:01 DEBUG [main] find using query: { "gmtCreate" : { "$gte" : { "$date" : 1560426120200 }, "$lt" : { "$date" : 1560944520200 } } } fields: Document{{}} for class: class com.xudong.im.domain.chat.ChatRecord in collection: chat_record。Caller+0	 at org.springframework.data.mongodb.core.MongoTemplate.doFind(MongoTemplate.java:2407)
19-06-20 19:42:02 DEBUG [main] Executing count: { "gmtCreate" : { "$gte" : { "$date" : 1560426120200 }, "$lt" : { "$date" : 1560944520200 } } } in collection: chat_record。Caller+0	 at org.springframework.data.mongodb.core.MongoTemplate.doCount(MongoTemplate.java:1143)
19-06-20 19:45:19 DEBUG [main] Analyzing class class com.xudong.im.domain.chat.ChatRecord for index information.。Caller+0	 at org.springframework.data.mongodb.core.index.MongoPersistentEntityIndexCreator.checkForIndexes(MongoPersistentEntityIndexCreator.java:124)
19-06-20 19:45:19 DEBUG [main] find using query: { } fields: Document{{}} for class: class com.xudong.im.domain.chat.ChatRecord in collection: chat_record。Caller+0	 at org.springframework.data.mongodb.core.MongoTemplate.doFind(MongoTemplate.java:2407)
19-06-20 19:45:22 DEBUG [main] Executing count: { } in collection: chat_record。Caller+0	 at org.springframework.data.mongodb.core.MongoTemplate.doCount(MongoTemplate.java:1143)
19-06-20 19:45:22 DEBUG [main] find using query: { "gmtCreate" : { "$lt" : { "$date" : 1560944722144 } } } fields: Document{{}} for class: class com.xudong.im.domain.chat.ChatRecord in collection: chat_record。Caller+0	 at org.springframework.data.mongodb.core.MongoTemplate.doFind(MongoTemplate.java:2407)
19-06-20 19:45:22 DEBUG [main] Executing count: { "gmtCreate" : { "$lt" : { "$date" : 1560944722144 } } } in collection: chat_record。Caller+0	 at org.springframework.data.mongodb.core.MongoTemplate.doCount(MongoTemplate.java:1143)
19-06-20 19:51:21 DEBUG [main] Analyzing class class com.xudong.im.domain.chat.ChatRecord for index information.。Caller+0	 at org.springframework.data.mongodb.core.index.MongoPersistentEntityIndexCreator.checkForIndexes(MongoPersistentEntityIndexCreator.java:124)
19-06-20 19:51:21 DEBUG [main] find using query: { "gmtCreate" : { } } fields: Document{{}} for class: class com.xudong.im.domain.chat.ChatRecord in collection: chat_record。Caller+0	 at org.springframework.data.mongodb.core.MongoTemplate.doFind(MongoTemplate.java:2407)
19-06-20 19:51:21 DEBUG [main] find using query: { "gmtCreate" : { "$lt" : { "$date" : 1560945081827 } } } fields: Document{{}} for class: class com.xudong.im.domain.chat.ChatRecord in collection: chat_record。Caller+0	 at org.springframework.data.mongodb.core.MongoTemplate.doFind(MongoTemplate.java:2407)
19-06-20 19:51:21 DEBUG [main] Executing count: { "gmtCreate" : { "$lt" : { "$date" : 1560945081827 } } } in collection: chat_record。Caller+0	 at org.springframework.data.mongodb.core.MongoTemplate.doCount(MongoTemplate.java:1143)
19-06-20 19:51:21 DEBUG [main] find using query: { "gmtCreate" : { "$gte" : { "$date" : 1560426681827 }, "$lt" : { "$date" : 1560945081827 } } } fields: Document{{}} for class: class com.xudong.im.domain.chat.ChatRecord in collection: chat_record。Caller+0	 at org.springframework.data.mongodb.core.MongoTemplate.doFind(MongoTemplate.java:2407)
19-06-20 19:51:22 DEBUG [main] Executing count: { "gmtCreate" : { "$gte" : { "$date" : 1560426681827 }, "$lt" : { "$date" : 1560945081827 } } } in collection: chat_record。Caller+0	 at org.springframework.data.mongodb.core.MongoTemplate.doCount(MongoTemplate.java:1143)
19-06-20 19:52:20 DEBUG [main] Analyzing class class com.xudong.im.domain.chat.ChatRecord for index information.。Caller+0	 at org.springframework.data.mongodb.core.index.MongoPersistentEntityIndexCreator.checkForIndexes(MongoPersistentEntityIndexCreator.java:124)
19-06-20 19:52:20 DEBUG [main] find using query: { "gmtCreate" : { } } fields: Document{{}} for class: class com.xudong.im.domain.chat.ChatRecord in collection: chat_record。Caller+0	 at org.springframework.data.mongodb.core.MongoTemplate.doFind(MongoTemplate.java:2407)
19-06-20 19:52:20 DEBUG [main] find using query: { "gmtCreate" : { "$lt" : { "$date" : 1560945140364 } } } fields: Document{{}} for class: class com.xudong.im.domain.chat.ChatRecord in collection: chat_record。Caller+0	 at org.springframework.data.mongodb.core.MongoTemplate.doFind(MongoTemplate.java:2407)
19-06-20 19:52:20 DEBUG [main] Executing count: { "gmtCreate" : { "$lt" : { "$date" : 1560945140364 } } } in collection: chat_record。Caller+0	 at org.springframework.data.mongodb.core.MongoTemplate.doCount(MongoTemplate.java:1143)
19-06-20 19:52:20 DEBUG [main] find using query: { "gmtCreate" : { "$gte" : { "$date" : 1560426740364 }, "$lt" : { "$date" : 1560945140364 } } } fields: Document{{}} for class: class com.xudong.im.domain.chat.ChatRecord in collection: chat_record。Caller+0	 at org.springframework.data.mongodb.core.MongoTemplate.doFind(MongoTemplate.java:2407)
19-06-20 19:52:20 DEBUG [main] Executing count: { "gmtCreate" : { "$gte" : { "$date" : 1560426740364 }, "$lt" : { "$date" : 1560945140364 } } } in collection: chat_record。Caller+0	 at org.springframework.data.mongodb.core.MongoTemplate.doCount(MongoTemplate.java:1143)
19-06-20 19:53:45 DEBUG [main] Analyzing class class com.xudong.im.domain.chat.ChatRecord for index information.。Caller+0	 at org.springframework.data.mongodb.core.index.MongoPersistentEntityIndexCreator.checkForIndexes(MongoPersistentEntityIndexCreator.java:124)
19-06-20 19:53:45 DEBUG [main] find using query: { } fields: Document{{}} for class: class com.xudong.im.domain.chat.ChatRecord in collection: chat_record。Caller+0	 at org.springframework.data.mongodb.core.MongoTemplate.doFind(MongoTemplate.java:2407)
19-06-20 19:53:46 DEBUG [main] Executing count: { } in collection: chat_record。Caller+0	 at org.springframework.data.mongodb.core.MongoTemplate.doCount(MongoTemplate.java:1143)
19-06-20 19:53:46 DEBUG [main] find using query: { "gmtCreate" : { "$lt" : { "$date" : 1560945226610 } } } fields: Document{{}} for class: class com.xudong.im.domain.chat.ChatRecord in collection: chat_record。Caller+0	 at org.springframework.data.mongodb.core.MongoTemplate.doFind(MongoTemplate.java:2407)
19-06-20 19:53:47 DEBUG [main] Executing count: { "gmtCreate" : { "$lt" : { "$date" : 1560945226610 } } } in collection: chat_record。Caller+0	 at org.springframework.data.mongodb.core.MongoTemplate.doCount(MongoTemplate.java:1143)
19-06-20 19:53:47 DEBUG [main] find using query: { "gmtCreate" : { "$gte" : { "$date" : 1560426826610 }, "$lt" : { "$date" : 1560945226610 } } } fields: Document{{}} for class: class com.xudong.im.domain.chat.ChatRecord in collection: chat_record。Caller+0	 at org.springframework.data.mongodb.core.MongoTemplate.doFind(MongoTemplate.java:2407)
19-06-20 19:53:47 DEBUG [main] Executing count: { "gmtCreate" : { "$gte" : { "$date" : 1560426826610 }, "$lt" : { "$date" : 1560945226610 } } } in collection: chat_record。Caller+0	 at org.springframework.data.mongodb.core.MongoTemplate.doCount(MongoTemplate.java:1143)
19-06-20 20:02:23 DEBUG [main] Analyzing class class com.xudong.im.domain.chat.ChatRecord for index information.。Caller+0	 at org.springframework.data.mongodb.core.index.MongoPersistentEntityIndexCreator.checkForIndexes(MongoPersistentEntityIndexCreator.java:124)
19-06-20 20:02:23 DEBUG [main] find using query: { "gmtCreate" : { "$gte" : { "$date" : 1560859343152 } } } fields: Document{{}} for class: class com.xudong.im.domain.chat.ChatRecord in collection: chat_record。Caller+0	 at org.springframework.data.mongodb.core.MongoTemplate.doFind(MongoTemplate.java:2407)
19-06-20 20:02:24 DEBUG [main] Executing count: { "gmtCreate" : { "$gte" : { "$date" : 1560859343152 } } } in collection: chat_record。Caller+0	 at org.springframework.data.mongodb.core.MongoTemplate.doCount(MongoTemplate.java:1143)
19-06-20 20:02:24 DEBUG [main] find using query: { "gmtCreate" : { "$lt" : { "$date" : 1560945743152 } } } fields: Document{{}} for class: class com.xudong.im.domain.chat.ChatRecord in collection: chat_record。Caller+0	 at org.springframework.data.mongodb.core.MongoTemplate.doFind(MongoTemplate.java:2407)
19-06-20 20:02:25 DEBUG [main] Executing count: { "gmtCreate" : { "$lt" : { "$date" : 1560945743152 } } } in collection: chat_record。Caller+0	 at org.springframework.data.mongodb.core.MongoTemplate.doCount(MongoTemplate.java:1143)
19-06-20 20:02:25 DEBUG [main] find using query: { "gmtCreate" : { "$gte" : { "$date" : 1560427343152 }, "$lt" : { "$date" : 1560945743152 } } } fields: Document{{}} for class: class com.xudong.im.domain.chat.ChatRecord in collection: chat_record。Caller+0	 at org.springframework.data.mongodb.core.MongoTemplate.doFind(MongoTemplate.java:2407)
19-06-20 20:02:26 DEBUG [main] Executing count: { "gmtCreate" : { "$gte" : { "$date" : 1560427343152 }, "$lt" : { "$date" : 1560945743152 } } } in collection: chat_record。Caller+0	 at org.springframework.data.mongodb.core.MongoTemplate.doCount(MongoTemplate.java:1143)
